#
# There is insufficient memory for the Java Runtime Environment to continue.
# Cannot create GC thread. Out of system resources.
# Possible reasons:
#   The system is out of physical RAM or swap space
#   In 32 bit mode, the process size limit was hit
# Possible solutions:
#   Reduce memory load on the system
#   Increase physical memory or swap space
#   Check if swap backing store is full
#   Use 64 bit Java on a 64 bit OS
#   Decrease Java heap size (-Xmx/-Xms)
#   Decrease number of Java threads
#   Decrease Java thread stack sizes (-Xss)
#   Set larger code cache with -XX:ReservedCodeCacheSize=
# This output file may be truncated or incomplete.
#
#  Out of Memory Error (gcTaskThread.cpp:48), pid=10682, tid=0x00007fa901e34740
#
# JRE version:  (8.0_161-b14) (build )
# Java VM: OpenJDK 64-Bit Server VM (25.161-b14 mixed mode linux-amd64 compressed oops)
# Failed to write core dump. Core dumps have been disabled. To enable core dumping, try "ulimit -c unlimited" before starting Java again
#

---------------  T H R E A D  ---------------

Current thread (0x0000000000b247e0):  JavaThread "Unknown thread" [_thread_in_vm, id=10682, stack(0x00007ffffd480000,0x00007ffffd580000)]

Stack: [0x00007ffffd480000,0x00007ffffd580000],  sp=0x00007ffffd579b70,  free space=998k
Native frames: (J=compiled Java code, j=interpreted, Vv=VM code, C=native code)
V  [libjvm.so+0xab44bd]
V  [libjvm.so+0x4ec94a]
V  [libjvm.so+0x5bc89f]
V  [libjvm.so+0x5bc077]
V  [libjvm.so+0x8d5634]
V  [libjvm.so+0xa7da79]
V  [libjvm.so+0xa7dd12]
V  [libjvm.so+0x61cd85]
V  [libjvm.so+0xa6098e]
V  [libjvm.so+0x6976e5]  JNI_CreateJavaVM+0x65
C  [libjli.so+0x3057]
C  [libjli.so+0x83a9]
C  [libjli.so+0x4b72]
C  [libjli.so+0x57f2]  JLI_Launch+0xaf2
C  [java+0x68c]
C  [libc.so.6+0x21c05]  __libc_start_main+0xf5


---------------  P R O C E S S  ---------------

Java Threads: ( => current thread )

Other Threads:

=>0x0000000000b247e0 (exited) JavaThread "Unknown thread" [_thread_in_vm, id=10682, stack(0x00007ffffd480000,0x00007ffffd580000)]

VM state:not at safepoint (not fully initialized)

VM Mutex/Monitor currently owned by a thread: None

GC Heap History (0 events):
No events

Deoptimization events (0 events):
No events

Classes redefined (0 events):
No events

Internal exceptions (0 events):
No events

Events (0 events):
No events


Dynamic libraries:
00400000-00401000 r-xp 00000000 08:03 274139131                          /usr/lib/jvm/java-1.8.0-openjdk-1.8.0.161-0.b14.el7_4.x86_64/bin/java
00600000-00601000 r--p 00000000 08:03 274139131                          /usr/lib/jvm/java-1.8.0-openjdk-1.8.0.161-0.b14.el7_4.x86_64/bin/java
00601000-00602000 rw-p 00001000 08:03 274139131                          /usr/lib/jvm/java-1.8.0-openjdk-1.8.0.161-0.b14.el7_4.x86_64/bin/java
00b15000-00b57000 rw-p 00000000 00:00 0                                  [heap]
5cb200000-5e0100000 rw-p 00000000 00:00 0 
5e0100000-719100000 ---p 00000000 00:00 0 
719100000-723800000 rw-p 00000000 00:00 0 
723800000-7c0000000 ---p 00000000 00:00 0 
7fa8eddff000-7fa8edea7000 rw-p 00000000 00:00 0 
7fa8edea7000-7fa8ee86f000 ---p 00000000 00:00 0 
7fa8ee86f000-7fa8ee917000 rw-p 00000000 00:00 0 
7fa8ee917000-7fa8ef2de000 ---p 00000000 00:00 0 
7fa8ef2de000-7fa8ef332000 rw-p 00000000 00:00 0 
7fa8ef332000-7fa8ef816000 ---p 00000000 00:00 0 
7fa8ef816000-7fa8ef821000 rw-p 00000000 00:00 0 
7fa8ef821000-7fa8efbd7000 ---p 00000000 00:00 0 
7fa8efbd7000-7fa8efe47000 rwxp 00000000 00:00 0 
7fa8efe47000-7fa8febd7000 ---p 00000000 00:00 0 
7fa8febd7000-7fa8febdf000 r-xp 00000000 08:03 102488                     /usr/lib/jvm/java-1.8.0-openjdk-1.8.0.161-0.b14.el7_4.x86_64/jre/lib/amd64/libzip.so
7fa8febdf000-7fa8fedde000 ---p 00008000 08:03 102488                     /usr/lib/jvm/java-1.8.0-openjdk-1.8.0.161-0.b14.el7_4.x86_64/jre/lib/amd64/libzip.so
7fa8fedde000-7fa8feddf000 r--p 00007000 08:03 102488                     /usr/lib/jvm/java-1.8.0-openjdk-1.8.0.161-0.b14.el7_4.x86_64/jre/lib/amd64/libzip.so
7fa8feddf000-7fa8fede0000 rw-p 00008000 08:03 102488                     /usr/lib/jvm/java-1.8.0-openjdk-1.8.0.161-0.b14.el7_4.x86_64/jre/lib/amd64/libzip.so
7fa8fede0000-7fa8fedec000 r-xp 00000000 08:03 138848187                  /usr/lib64/libnss_ldap.so.2
7fa8fedec000-7fa8fefeb000 ---p 0000c000 08:03 138848187                  /usr/lib64/libnss_ldap.so.2
7fa8fefeb000-7fa8fefec000 r--p 0000b000 08:03 138848187                  /usr/lib64/libnss_ldap.so.2
7fa8fefec000-7fa8fefed000 rw-p 0000c000 08:03 138848187                  /usr/lib64/libnss_ldap.so.2
7fa8fefed000-7fa8feff9000 r-xp 00000000 08:03 134220077                  /usr/lib64/libnss_files-2.17.so
7fa8feff9000-7fa8ff1f8000 ---p 0000c000 08:03 134220077                  /usr/lib64/libnss_files-2.17.so
7fa8ff1f8000-7fa8ff1f9000 r--p 0000b000 08:03 134220077                  /usr/lib64/libnss_files-2.17.so
7fa8ff1f9000-7fa8ff1fa000 rw-p 0000c000 08:03 134220077                  /usr/lib64/libnss_files-2.17.so
7fa8ff1fa000-7fa8ff200000 rw-p 00000000 00:00 0 
7fa8ff200000-7fa8ff22e000 r-xp 00000000 08:03 102470                     /usr/lib/jvm/java-1.8.0-openjdk-1.8.0.161-0.b14.el7_4.x86_64/jre/lib/amd64/libjava.so
7fa8ff22e000-7fa8ff42d000 ---p 0002e000 08:03 102470                     /usr/lib/jvm/java-1.8.0-openjdk-1.8.0.161-0.b14.el7_4.x86_64/jre/lib/amd64/libjava.so
7fa8ff42d000-7fa8ff42e000 r--p 0002d000 08:03 102470                     /usr/lib/jvm/java-1.8.0-openjdk-1.8.0.161-0.b14.el7_4.x86_64/jre/lib/amd64/libjava.so
7fa8ff42e000-7fa8ff430000 rw-p 0002e000 08:03 102470                     /usr/lib/jvm/java-1.8.0-openjdk-1.8.0.161-0.b14.el7_4.x86_64/jre/lib/amd64/libjava.so
7fa8ff430000-7fa8ff43d000 r-xp 00000000 08:03 102487                     /usr/lib/jvm/java-1.8.0-openjdk-1.8.0.161-0.b14.el7_4.x86_64/jre/lib/amd64/libverify.so
7fa8ff43d000-7fa8ff63c000 ---p 0000d000 08:03 102487                     /usr/lib/jvm/java-1.8.0-openjdk-1.8.0.161-0.b14.el7_4.x86_64/jre/lib/amd64/libverify.so
7fa8ff63c000-7fa8ff63e000 r--p 0000c000 08:03 102487                     /usr/lib/jvm/java-1.8.0-openjdk-1.8.0.161-0.b14.el7_4.x86_64/jre/lib/amd64/libverify.so
7fa8ff63e000-7fa8ff63f000 rw-p 0000e000 08:03 102487                     /usr/lib/jvm/java-1.8.0-openjdk-1.8.0.161-0.b14.el7_4.x86_64/jre/lib/amd64/libverify.so
7fa8ff63f000-7fa8ff646000 r-xp 00000000 08:03 134220089                  /usr/lib64/librt-2.17.so
7fa8ff646000-7fa8ff845000 ---p 00007000 08:03 134220089                  /usr/lib64/librt-2.17.so
7fa8ff845000-7fa8ff846000 r--p 00006000 08:03 134220089                  /usr/lib64/librt-2.17.so
7fa8ff846000-7fa8ff847000 rw-p 00007000 08:03 134220089                  /usr/lib64/librt-2.17.so
7fa8ff847000-7fa8ff85c000 r-xp 00000000 08:03 135413814                  /usr/lib64/libgcc_s-4.8.5-20150702.so.1
7fa8ff85c000-7fa8ffa5b000 ---p 00015000 08:03 135413814                  /usr/lib64/libgcc_s-4.8.5-20150702.so.1
7fa8ffa5b000-7fa8ffa5c000 r--p 00014000 08:03 135413814                  /usr/lib64/libgcc_s-4.8.5-20150702.so.1
7fa8ffa5c000-7fa8ffa5d000 rw-p 00015000 08:03 135413814                  /usr/lib64/libgcc_s-4.8.5-20150702.so.1
7fa8ffa5d000-7fa8ffb5e000 r-xp 00000000 08:03 134220067                  /usr/lib64/libm-2.17.so
7fa8ffb5e000-7fa8ffd5d000 ---p 00101000 08:03 134220067                  /usr/lib64/libm-2.17.so
7fa8ffd5d000-7fa8ffd5e000 r--p 00100000 08:03 134220067                  /usr/lib64/libm-2.17.so
7fa8ffd5e000-7fa8ffd5f000 rw-p 00101000 08:03 134220067                  /usr/lib64/libm-2.17.so
7fa8ffd5f000-7fa8ffe48000 r-xp 00000000 08:03 134218742                  /usr/lib64/libstdc++.so.6.0.19
7fa8ffe48000-7fa900048000 ---p 000e9000 08:03 134218742                  /usr/lib64/libstdc++.so.6.0.19
7fa900048000-7fa900050000 r--p 000e9000 08:03 134218742                  /usr/lib64/libstdc++.so.6.0.19
7fa900050000-7fa900052000 rw-p 000f1000 08:03 134218742                  /usr/lib64/libstdc++.so.6.0.19
7fa900052000-7fa900067000 rw-p 00000000 00:00 0 
7fa900067000-7fa900d2d000 r-xp 00000000 08:03 403406282                  /usr/lib/jvm/java-1.8.0-openjdk-1.8.0.161-0.b14.el7_4.x86_64/jre/lib/amd64/server/libjvm.so
7fa900d2d000-7fa900f2c000 ---p 00cc6000 08:03 403406282                  /usr/lib/jvm/java-1.8.0-openjdk-1.8.0.161-0.b14.el7_4.x86_64/jre/lib/amd64/server/libjvm.so
7fa900f2c000-7fa900fd7000 r--p 00cc5000 08:03 403406282                  /usr/lib/jvm/java-1.8.0-openjdk-1.8.0.161-0.b14.el7_4.x86_64/jre/lib/amd64/server/libjvm.so
7fa900fd7000-7fa901000000 rw-p 00d70000 08:03 403406282                  /usr/lib/jvm/java-1.8.0-openjdk-1.8.0.161-0.b14.el7_4.x86_64/jre/lib/amd64/server/libjvm.so
7fa901000000-7fa901033000 rw-p 00000000 00:00 0 
7fa901033000-7fa9011eb000 r-xp 00000000 08:03 134220059                  /usr/lib64/libc-2.17.so
7fa9011eb000-7fa9013eb000 ---p 001b8000 08:03 134220059                  /usr/lib64/libc-2.17.so
7fa9013eb000-7fa9013ef000 r--p 001b8000 08:03 134220059                  /usr/lib64/libc-2.17.so
7fa9013ef000-7fa9013f1000 rw-p 001bc000 08:03 134220059                  /usr/lib64/libc-2.17.so
7fa9013f1000-7fa9013f6000 rw-p 00000000 00:00 0 
7fa9013f6000-7fa9013f8000 r-xp 00000000 08:03 134220065                  /usr/lib64/libdl-2.17.so
7fa9013f8000-7fa9015f8000 ---p 00002000 08:03 134220065                  /usr/lib64/libdl-2.17.so
7fa9015f8000-7fa9015f9000 r--p 00002000 08:03 134220065                  /usr/lib64/libdl-2.17.so
7fa9015f9000-7fa9015fa000 rw-p 00003000 08:03 134220065                  /usr/lib64/libdl-2.17.so
7fa9015fa000-7fa901608000 r-xp 00000000 08:03 403406314                  /usr/lib/jvm/java-1.8.0-openjdk-1.8.0.161-0.b14.el7_4.x86_64/lib/amd64/jli/libjli.so
7fa901608000-7fa901807000 ---p 0000e000 08:03 403406314                  /usr/lib/jvm/java-1.8.0-openjdk-1.8.0.161-0.b14.el7_4.x86_64/lib/amd64/jli/libjli.so
7fa901807000-7fa901808000 r--p 0000d000 08:03 403406314                  /usr/lib/jvm/java-1.8.0-openjdk-1.8.0.161-0.b14.el7_4.x86_64/lib/amd64/jli/libjli.so
7fa901808000-7fa901809000 rw-p 0000e000 08:03 403406314                  /usr/lib/jvm/java-1.8.0-openjdk-1.8.0.161-0.b14.el7_4.x86_64/lib/amd64/jli/libjli.so
7fa901809000-7fa90181e000 r-xp 00000000 08:03 134220169                  /usr/lib64/libz.so.1.2.7
7fa90181e000-7fa901a1d000 ---p 00015000 08:03 134220169                  /usr/lib64/libz.so.1.2.7
7fa901a1d000-7fa901a1e000 r--p 00014000 08:03 134220169                  /usr/lib64/libz.so.1.2.7
7fa901a1e000-7fa901a1f000 rw-p 00015000 08:03 134220169                  /usr/lib64/libz.so.1.2.7
7fa901a1f000-7fa901a36000 r-xp 00000000 08:03 134220085                  /usr/lib64/libpthread-2.17.so
7fa901a36000-7fa901c35000 ---p 00017000 08:03 134220085                  /usr/lib64/libpthread-2.17.so
7fa901c35000-7fa901c36000 r--p 00016000 08:03 134220085                  /usr/lib64/libpthread-2.17.so
7fa901c36000-7fa901c37000 rw-p 00017000 08:03 134220085                  /usr/lib64/libpthread-2.17.so
7fa901c37000-7fa901c3b000 rw-p 00000000 00:00 0 
7fa901c3b000-7fa901c5c000 r-xp 00000000 08:03 134970383                  /usr/lib64/ld-2.17.so
7fa901d33000-7fa901d34000 ---p 00000000 00:00 0 
7fa901d34000-7fa901e39000 rw-p 00000000 00:00 0 
7fa901e4e000-7fa901e51000 rw-p 00000000 00:00 0 
7fa901e51000-7fa901e59000 rw-s 00000000 00:26 2590576                    /tmp/hsperfdata_trungl/10682
7fa901e59000-7fa901e5a000 rw-p 00000000 00:00 0 
7fa901e5a000-7fa901e5b000 r--p 00000000 00:00 0 
7fa901e5b000-7fa901e5c000 rw-p 00000000 00:00 0 
7fa901e5c000-7fa901e5d000 r--p 00021000 08:03 134970383                  /usr/lib64/ld-2.17.so
7fa901e5d000-7fa901e5e000 rw-p 00022000 08:03 134970383                  /usr/lib64/ld-2.17.so
7fa901e5e000-7fa901e5f000 rw-p 00000000 00:00 0 
7ffffd480000-7ffffd483000 ---p 00000000 00:00 0 
7ffffd483000-7ffffd580000 rw-p 00000000 00:00 0                          [stack]
7ffffd5ba000-7ffffd5bc000 r-xp 00000000 00:00 0                          [vdso]
ffffffffff600000-ffffffffff601000 r-xp 00000000 00:00 0                  [vsyscall]

VM Arguments:
jvm_args: -Dfile.encoding=UTF-8 
java_command: main.Driver
java_class_path (initial): /usr/lib/jvm/java-1.8.0-openjdk-1.8.0.161-0.b14.el7_4.x86_64/jre/lib/resources.jar:/usr/lib/jvm/java-1.8.0-openjdk-1.8.0.161-0.b14.el7_4.x86_64/jre/lib/rt.jar:/usr/lib/jvm/java-1.8.0-openjdk-1.8.0.161-0.b14.el7_4.x86_64/jre/lib/jsse.jar:/usr/lib/jvm/java-1.8.0-openjdk-1.8.0.161-0.b14.el7_4.x86_64/jre/lib/jce.jar:/usr/lib/jvm/java-1.8.0-openjdk-1.8.0.161-0.b14.el7_4.x86_64/jre/lib/charsets.jar:/usr/lib/jvm/java-1.8.0-openjdk-1.8.0.161-0.b14.el7_4.x86_64/jre/lib/ext/cldrdata.jar:/usr/lib/jvm/java-1.8.0-openjdk-1.8.0.161-0.b14.el7_4.x86_64/jre/lib/ext/dnsns.jar:/usr/lib/jvm/java-1.8.0-openjdk-1.8.0.161-0.b14.el7_4.x86_64/jre/lib/ext/jaccess.jar:/usr/lib/jvm/java-1.8.0-openjdk-1.8.0.161-0.b14.el7_4.x86_64/jre/lib/ext/localedata.jar:/usr/lib/jvm/java-1.8.0-openjdk-1.8.0.161-0.b14.el7_4.x86_64/jre/lib/ext/nashorn.jar:/usr/lib/jvm/java-1.8.0-openjdk-1.8.0.161-0.b14.el7_4.x86_64/jre/lib/ext/sunec.jar:/usr/lib/jvm/java-1.8.0-openjdk-1.8.0.161-0.b14.el7_4.x86_64/jre/lib/ext/sunjce_provider.jar:/usr/lib/jvm/java-1.8.0-openjdk-1.8.0.161-0.b14.el7_4.x86_64/jre/lib/ext/sunpkcs11.jar:/usr/lib/jvm/java-1.8.0-openjdk-1.8.0.161-0.b14.el7_4.x86_64/jre/lib/ext/zipfs.jar:/home/trungl/IE_PROJ/target/classes:/home/trungl/.m2/repository/edu/stanford/nlp/stanford-corenlp/3.8.0/stanford-corenlp-3.8.0.jar:/home/trungl/.m2/repository/com/apple/AppleJavaExtensions/1.4/AppleJavaExtensions-1.4.jar:/home/trungl/.m2/repository/de/jollyday/jollyday/0.4.9/jollyday-0.4.9.jar:/home/trungl/.m2/repository/javax/xml/bind/jaxb-api/2.2.7/jaxb-api-2.2.7.jar:/home/trungl/.m2/repository/org/apache/commons/commons-lang3/3.3.1/commons-lang3-3.3.1.jar:/home/trungl/.m2/repository/org/apache/lucene/lucene-queryparser/4.10.3/lucene-queryparser-4.10.3.jar:/home/trungl/.m2/repository/org/apache/lucene/lucene-sandbox/4.10.3/lucene-sandbox-4.10.3.jar:/home/trungl/.m2/repository/org/apache/lucene/lucene-analyzers-common/4.10.3/lucene-analyzers-common-4.10.3.jar:/home/trungl/.m2/repository/org
Launcher Type: SUN_STANDARD

Environment Variables:
PATH=/usr/lib64/qt-3.3/bin:/usr/local/bin:/usr/bin:/bin:/usr/local/sbin:/usr/sbin
SHELL=/bin/tcsh
DISPLAY=:0
HOSTTYPE=x86_64-linux
OSTYPE=linux
MACHTYPE=x86_64

Signal Handlers:
SIGSEGV: [libjvm.so+0xab4fe0], sa_mask[0]=11111111011111111101111111111110, sa_flags=SA_RESTART|SA_SIGINFO
SIGBUS: [libjvm.so+0xab4fe0], sa_mask[0]=11111111011111111101111111111110, sa_flags=SA_RESTART|SA_SIGINFO
SIGFPE: [libjvm.so+0x8ac640], sa_mask[0]=11111111011111111101111111111110, sa_flags=SA_RESTART|SA_SIGINFO
SIGPIPE: [libjvm.so+0x8ac640], sa_mask[0]=11111111011111111101111111111110, sa_flags=SA_RESTART|SA_SIGINFO
SIGXFSZ: [libjvm.so+0x8ac640], sa_mask[0]=11111111011111111101111111111110, sa_flags=SA_RESTART|SA_SIGINFO
SIGILL: [libjvm.so+0x8ac640], sa_mask[0]=11111111011111111101111111111110, sa_flags=SA_RESTART|SA_SIGINFO
SIGUSR1: SIG_DFL, sa_mask[0]=00000000000000000000000000000000, sa_flags=none
SIGUSR2: [libjvm.so+0x8ac4f0], sa_mask[0]=00100000000000000000000000000000, sa_flags=SA_RESTART|SA_SIGINFO
SIGHUP: SIG_DFL, sa_mask[0]=00000000000000000000000000000000, sa_flags=none
SIGINT: SIG_DFL, sa_mask[0]=00000000000000000000000000000000, sa_flags=none
SIGTERM: SIG_DFL, sa_mask[0]=00000000000000000000000000000000, sa_flags=none
SIGQUIT: SIG_DFL, sa_mask[0]=00000000000000000000000000000000, sa_flags=none


---------------  S Y S T E M  ---------------

OS:Red Hat Enterprise Linux Server release 7.4 (Maipo)

uname:Linux 3.10.0-693.21.1.el7.x86_64 #1 SMP Fri Feb 23 18:54:16 UTC 2018 x86_64
libc:glibc 2.17 NPTL 2.17 
rlimit: STACK 8192k, CORE 0k, NPROC 500, NOFILE 4096, AS infinity
load average:0.73 0.64 0.59

/proc/meminfo:
MemTotal:       32820912 kB
MemFree:        23331960 kB
MemAvailable:   28843696 kB
Buffers:            4164 kB
Cached:          5162508 kB
SwapCached:            0 kB
Active:          5774396 kB
Inactive:        2208260 kB
Active(anon):    2817664 kB
Inactive(anon):   153756 kB
Active(file):    2956732 kB
Inactive(file):  2054504 kB
Unevictable:         952 kB
Mlocked:             952 kB
SwapTotal:             0 kB
SwapFree:              0 kB
Dirty:               444 kB
Writeback:             0 kB
AnonPages:       2817648 kB
Mapped:           389668 kB
Shmem:            155436 kB
Slab:            1009656 kB
SReclaimable:     902356 kB
SUnreclaim:       107300 kB
KernelStack:       17488 kB
PageTables:        70408 kB
NFS_Unstable:          0 kB
Bounce:                0 kB
WritebackTmp:          0 kB
CommitLimit:    16410456 kB
Committed_AS:   10226792 kB
VmallocTotal:   34359738367 kB
VmallocUsed:      438372 kB
VmallocChunk:   34358947836 kB
HardwareCorrupted:     0 kB
AnonHugePages:    739328 kB
HugePages_Total:       0
HugePages_Free:        0
HugePages_Rsvd:        0
HugePages_Surp:        0
Hugepagesize:       2048 kB
DirectMap4k:     2155224 kB
DirectMap2M:    29175808 kB
DirectMap1G:     2097152 kB


CPU:total 8 (initial active 8) (4 cores per cpu, 2 threads per core) family 6 model 60 stepping 3, cmov, cx8, fxsr, mmx, sse, sse2, sse3, ssse3, sse4.1, sse4.2, popcnt, avx, avx2, aes, clmul, erms, lzcnt, ht, tsc, tscinvbit, bmi1, bmi2

/proc/cpuinfo:
processor	: 0
vendor_id	: GenuineIntel
cpu family	: 6
model		: 60
model name	: Intel(R) Core(TM) i7-4790 CPU @ 3.60GHz
stepping	: 3
microcode	: 0x22
cpu MHz		: 3801.796
cache size	: 8192 KB
physical id	: 0
siblings	: 8
core id		: 0
cpu cores	: 4
apicid		: 0
initial apicid	: 0
fpu		: yes
fpu_exception	: yes
cpuid level	: 13
wp		: yes
flags		: fpu vme de pse tsc msr pae mce cx8 apic sep mtrr pge mca cmov pat pse36 clflush dts acpi mmx fxsr sse sse2 ss ht tm pbe syscall nx pdpe1gb rdtscp lm constant_tsc arch_perfmon pebs bts rep_good nopl xtopology nonstop_tsc aperfmperf eagerfpu pni pclmulqdq dtes64 monitor ds_cpl vmx smx est tm2 ssse3 fma cx16 xtpr pdcm pcid sse4_1 sse4_2 x2apic movbe popcnt tsc_deadline_timer aes xsave avx f16c rdrand lahf_lm abm epb invpcid_single tpr_shadow vnmi flexpriority ept vpid fsgsbase tsc_adjust bmi1 avx2 smep bmi2 erms invpcid xsaveopt dtherm ida arat pln pts
bogomips	: 7183.26
clflush size	: 64
cache_alignment	: 64
address sizes	: 39 bits physical, 48 bits virtual
power management:

processor	: 1
vendor_id	: GenuineIntel
cpu family	: 6
model		: 60
model name	: Intel(R) Core(TM) i7-4790 CPU @ 3.60GHz
stepping	: 3
microcode	: 0x22
cpu MHz		: 3874.921
cache size	: 8192 KB
physical id	: 0
siblings	: 8
core id		: 1
cpu cores	: 4
apicid		: 2
initial apicid	: 2
fpu		: yes
fpu_exception	: yes
cpuid level	: 13
wp		: yes
flags		: fpu vme de pse tsc msr pae mce cx8 apic sep mtrr pge mca cmov pat pse36 clflush dts acpi mmx fxsr sse sse2 ss ht tm pbe syscall nx pdpe1gb rdtscp lm constant_tsc arch_perfmon pebs bts rep_good nopl xtopology nonstop_tsc aperfmperf eagerfpu pni pclmulqdq dtes64 monitor ds_cpl vmx smx est tm2 ssse3 fma cx16 xtpr pdcm pcid sse4_1 sse4_2 x2apic movbe popcnt tsc_deadline_timer aes xsave avx f16c rdrand lahf_lm abm epb invpcid_single tpr_shadow vnmi flexpriority ept vpid fsgsbase tsc_adjust bmi1 avx2 smep bmi2 erms invpcid xsaveopt dtherm ida arat pln pts
bogomips	: 7183.26
clflush size	: 64
cache_alignment	: 64
address sizes	: 39 bits physical, 48 bits virtual
power management:

processor	: 2
vendor_id	: GenuineIntel
cpu family	: 6
model		: 60
model name	: Intel(R) Core(TM) i7-4790 CPU @ 3.60GHz
stepping	: 3
microcode	: 0x22
cpu MHz		: 3906.562
cache size	: 8192 KB
physical id	: 0
siblings	: 8
core id		: 2
cpu cores	: 4
apicid		: 4
initial apicid	: 4
fpu		: yes
fpu_exception	: yes
cpuid level	: 13
wp		: yes
flags		: fpu vme de pse tsc msr pae mce cx8 apic sep mtrr pge mca cmov pat pse36 clflush dts acpi mmx fxsr sse sse2 ss ht tm pbe syscall nx pdpe1gb rdtscp lm constant_tsc arch_perfmon pebs bts rep_good nopl xtopology nonstop_tsc aperfmperf eagerfpu pni pclmulqdq dtes64 monitor ds_cpl vmx smx est tm2 ssse3 fma cx16 xtpr pdcm pcid sse4_1 sse4_2 x2apic movbe popcnt tsc_deadline_timer aes xsave avx f16c rdrand lahf_lm abm epb invpcid_single tpr_shadow vnmi flexpriority ept vpid fsgsbase tsc_adjust bmi1 avx2 smep bmi2 erms invpcid xsaveopt dtherm ida arat pln pts
bogomips	: 7183.26
clflush size	: 64
cache_alignment	: 64
address sizes	: 39 bits physical, 48 bits virtual
power management:

processor	: 3
vendor_id	: GenuineIntel
cpu family	: 6
model		: 60
model name	: Intel(R) Core(TM) i7-4790 CPU @ 3.60GHz
stepping	: 3
microcode	: 0x22
cpu MHz		: 3812.203
cache size	: 8192 KB
physical id	: 0
siblings	: 8
core id		: 3
cpu cores	: 4
apicid		: 6
initial apicid	: 6
fpu		: yes
fpu_exception	: yes
cpuid level	: 13
wp		: yes
flags		: fpu vme de pse tsc msr pae mce cx8 apic sep mtrr pge mca cmov pat pse36 clflush dts acpi mmx fxsr sse sse2 ss ht tm pbe syscall nx pdpe1gb rdtscp lm constant_tsc arch_perfmon pebs bts rep_good nopl xtopology nonstop_tsc aperfmperf eagerfpu pni pclmulqdq dtes64 monitor ds_cpl vmx smx est tm2 ssse3 fma cx16 xtpr pdcm pcid sse4_1 sse4_2 x2apic movbe popcnt tsc_deadline_timer aes xsave avx f16c rdrand lahf_lm abm epb invpcid_single tpr_shadow vnmi flexpriority ept vpid fsgsbase tsc_adjust bmi1 avx2 smep bmi2 erms invpcid xsaveopt dtherm ida arat pln pts
bogomips	: 7183.26
clflush size	: 64
cache_alignment	: 64
address sizes	: 39 bits physical, 48 bits virtual
power management:

processor	: 4
vendor_id	: GenuineIntel
cpu family	: 6
model		: 60
model name	: Intel(R) Core(TM) i7-4790 CPU @ 3.60GHz
stepping	: 3
microcode	: 0x22
cpu MHz		: 3964.218
cache size	: 8192 KB
physical id	: 0
siblings	: 8
core id		: 0
cpu cores	: 4
apicid		: 1
initial apicid	: 1
fpu		: yes
fpu_exception	: yes
cpuid level	: 13
wp		: yes
flags		: fpu vme de pse tsc msr pae mce cx8 apic sep mtrr pge mca cmov pat pse36 clflush dts acpi mmx fxsr sse sse2 ss ht tm pbe syscall nx pdpe1gb rdtscp lm constant_tsc arch_perfmon pebs bts rep_good nopl xtopology nonstop_tsc aperfmperf eagerfpu pni pclmulqdq dtes64 monitor ds_cpl vmx smx est tm2 ssse3 fma cx16 xtpr pdcm pcid sse4_1 sse4_2 x2apic movbe popcnt tsc_deadline_timer aes xsave avx f16c rdrand lahf_lm abm epb invpcid_single tpr_shadow vnmi flexpriority ept vpid fsgsbase tsc_adjust bmi1 avx2 smep bmi2 erms invpcid xsaveopt dtherm ida arat pln pts
bogomips	: 7183.26
clflush size	: 64
cache_alignment	: 64
address sizes	: 39 bits physical, 48 bits virtual
power management:

processor	: 5
vendor_id	: GenuineIntel
cpu family	: 6
model		: 60
model name	: Intel(R) Core(TM) i7-4790 CPU @ 3.60GHz
stepping	: 3
microcode	: 0x22
cpu MHz		: 3812.343
cache size	: 8192 KB
physical id	: 0
siblings	: 8
core id		: 1
cpu cores	: 4
apicid		: 3
initial apicid	: 3
fpu		: yes
fpu_exception	: yes
cpuid level	: 13
wp		: yes
flags		: fpu vme de pse tsc msr pae mce cx8 apic sep mtrr pge mca cmov pat pse36 clflush dts acpi mmx fxsr sse sse2 ss ht tm pbe syscall nx pdpe1gb rdtscp lm constant_tsc arch_perfmon pebs bts rep_good nopl xtopology nonstop_tsc aperfmperf eagerfpu pni pclmulqdq dtes64 monitor ds_cpl vmx smx est tm2 ssse3 fma cx16 xtpr pdcm pcid sse4_1 sse4_2 x2apic movbe popcnt tsc_deadline_timer aes xsave avx f16c rdrand lahf_lm abm epb invpcid_single tpr_shadow vnmi flexpriority ept vpid fsgsbase tsc_adjust bmi1 avx2 smep bmi2 erms invpcid xsaveopt dtherm ida arat pln pts
bogomips	: 7183.26
clflush size	: 64
cache_alignment	: 64
address sizes	: 39 bits physical, 48 bits virtual
power management:

processor	: 6
vendor_id	: GenuineIntel
cpu family	: 6
model		: 60
model name	: Intel(R) Core(TM) i7-4790 CPU @ 3.60GHz
stepping	: 3
microcode	: 0x22
cpu MHz		: 3853.406
cache size	: 8192 KB
physical id	: 0
siblings	: 8
core id		: 2
cpu cores	: 4
apicid		: 5
initial apicid	: 5
fpu		: yes
fpu_exception	: yes
cpuid level	: 13
wp		: yes
flags		: fpu vme de pse tsc msr pae mce cx8 apic sep mtrr pge mca cmov pat pse36 clflush dts acpi mmx fxsr sse sse2 ss ht tm pbe syscall nx pdpe1gb rdtscp lm constant_tsc arch_perfmon pebs bts rep_good nopl xtopology nonstop_tsc aperfmperf eagerfpu pni pclmulqdq dtes64 monitor ds_cpl vmx smx est tm2 ssse3 fma cx16 xtpr pdcm pcid sse4_1 sse4_2 x2apic movbe popcnt tsc_deadline_timer aes xsave avx f16c rdrand lahf_lm abm epb invpcid_single tpr_shadow vnmi flexpriority ept vpid fsgsbase tsc_adjust bmi1 avx2 smep bmi2 erms invpcid xsaveopt dtherm ida arat pln pts
bogomips	: 7183.26
clflush size	: 64
cache_alignment	: 64
address sizes	: 39 bits physical, 48 bits virtual
power management:

processor	: 7
vendor_id	: GenuineIntel
cpu family	: 6
model		: 60
model name	: Intel(R) Core(TM) i7-4790 CPU @ 3.60GHz
stepping	: 3
microcode	: 0x22
cpu MHz		: 3875.203
cache size	: 8192 KB
physical id	: 0
siblings	: 8
core id		: 3
cpu cores	: 4
apicid		: 7
initial apicid	: 7
fpu		: yes
fpu_exception	: yes
cpuid level	: 13
wp		: yes
flags		: fpu vme de pse tsc msr pae mce cx8 apic sep mtrr pge mca cmov pat pse36 clflush dts acpi mmx fxsr sse sse2 ss ht tm pbe syscall nx pdpe1gb rdtscp lm constant_tsc arch_perfmon pebs bts rep_good nopl xtopology nonstop_tsc aperfmperf eagerfpu pni pclmulqdq dtes64 monitor ds_cpl vmx smx est tm2 ssse3 fma cx16 xtpr pdcm pcid sse4_1 sse4_2 x2apic movbe popcnt tsc_deadline_timer aes xsave avx f16c rdrand lahf_lm abm epb invpcid_single tpr_shadow vnmi flexpriority ept vpid fsgsbase tsc_adjust bmi1 avx2 smep bmi2 erms invpcid xsaveopt dtherm ida arat pln pts
bogomips	: 7183.26
clflush size	: 64
cache_alignment	: 64
address sizes	: 39 bits physical, 48 bits virtual
power management:



Memory: 4k page, physical 32820912k(23331960k free), swap 0k(0k free)

vm_info: OpenJDK 64-Bit Server VM (25.161-b14) for linux-amd64 JRE (1.8.0_161-b14), built on Jan  9 2018 19:54:33 by "mockbuild" with gcc 4.8.5 20150623 (Red Hat 4.8.5-16)

time: Thu Mar 15 13:45:12 2018
elapsed time: 0 seconds (0d 0h 0m 0s)

